<?xml version="1.0" encoding="UTF-8"?>
<!-- Generated by org.testng.reporters.JUnitReportReporter -->
<testsuite hostname="DESKTOP-VJVMJQV" failures="0" tests="24" name="runners.Runner" time="201.302" errors="3" timestamp="2026-05-24T20:25:08 IST" skipped="0">
  <testcase classname="runners.Runner" name="runScenario" time="8.448"/>
  <testcase classname="runners.Runner" name="runScenario" time="4.605"/>
  <testcase classname="runners.Runner" name="runScenario" time="4.760">
    <error message="The step &#039;User is logged into application&#039; is undefined.
You can implement this step using the snippet(s) below:

@Given(&quot;User is logged into application&quot;)
public void user_is_logged_into_application() {
    // Write code here that turns the phrase above into concrete actions
    throw new io.cucumber.java.PendingException();
}
" type="io.cucumber.testng.UndefinedStepException">
      <![CDATA[io.cucumber.testng.UndefinedStepException: The step 'User is logged into application' is undefined.
You can implement this step using the snippet(s) below:

@Given("User is logged into application")
public void user_is_logged_into_application() {
    // Write code here that turns the phrase above into concrete actions
    throw new io.cucumber.java.PendingException();
}

at ✽.User is logged into application(file:///D:/java21/OrangaeHRMAutomationCapstoneProject/src/test/resources/feature/MyInfo.feature:5)
]]>
    </error>
  </testcase> <!-- runScenario -->
  <testcase classname="runners.Runner" name="runScenario" time="8.180"/>
  <testcase classname="runners.Runner" name="runScenario" time="12.289"/>
  <testcase classname="runners.Runner" name="runScenario" time="12.343"/>
  <testcase classname="runners.Runner" name="runScenario" time="8.474"/>
  <testcase classname="runners.Runner" name="runScenario" time="8.063">
    <error message="The step &#039;user clicks delete button&#039; and 1 other step(s) are undefined.
You can implement these steps using the snippet(s) below:

@When(&quot;user clicks delete button&quot;)
public void user_clicks_delete_button() {
    // Write code here that turns the phrase above into concrete actions
    throw new io.cucumber.java.PendingException();
}
@Then(&quot;user should be deleted successfully&quot;)
public void user_should_be_deleted_successfully() {
    // Write code here that turns the phrase above into concrete actions
    throw new io.cucumber.java.PendingException();
}
" type="io.cucumber.testng.UndefinedStepException">
      <![CDATA[io.cucumber.testng.UndefinedStepException: The step 'user clicks delete button' and 1 other step(s) are undefined.
You can implement these steps using the snippet(s) below:

@When("user clicks delete button")
public void user_clicks_delete_button() {
    // Write code here that turns the phrase above into concrete actions
    throw new io.cucumber.java.PendingException();
}
@Then("user should be deleted successfully")
public void user_should_be_deleted_successfully() {
    // Write code here that turns the phrase above into concrete actions
    throw new io.cucumber.java.PendingException();
}

at ✽.user clicks delete button(file:///D:/java21/OrangaeHRMAutomationCapstoneProject/src/test/resources/feature/Admin.feature:32)
]]>
    </error>
  </testcase> <!-- runScenario -->
  <testcase classname="runners.Runner" name="runScenario" time="7.767"/>
  <testcase classname="runners.Runner" name="runScenario" time="6.002"/>
  <testcase classname="runners.Runner" name="runScenario" time="12.769"/>
  <testcase classname="runners.Runner" name="runScenario" time="6.612"/>
  <testcase classname="runners.Runner" name="runScenario" time="5.667"/>
  <testcase classname="runners.Runner" name="runScenario" time="9.049">
    <error message="element click intercepted: Element &lt;button data-v-10d463b7=&quot;&quot; data-v-6653c066=&quot;&quot; type=&quot;submit&quot; class=&quot;oxd-button oxd-button--medium oxd-button--secondary orangehrm-left-space&quot;&gt;...&lt;/button&gt; is not clickable at point (1402, 662). Other element would receive the click: &lt;form data-v-d5bfe35b=&quot;&quot; data-v-6653c066=&quot;&quot; class=&quot;oxd-form&quot; novalidate=&quot;&quot;&gt;...&lt;/form&gt;
  (Session info: chrome=148.0.7778.179)
Build info: version: &#039;4.44.0&#039;, revision: &#039;da2039b&#039;
System info: os.name: &#039;Windows 11&#039;, os.arch: &#039;amd64&#039;, os.version: &#039;10.0&#039;, java.version: &#039;21.0.11&#039;
Driver info: org.openqa.selenium.chrome.ChromeDriver
Command: [023f87b8bc44ff06467d23084a2be81a, clickElement {id=f.7FEDB6CC704C80562D7250A359C5F506.d.2AD296E2D00BAEC50DCA7AD3AC95F93C.e.81}]
Capabilities {acceptInsecureCerts: false, browserName: chrome, browserVersion: 148.0.7778.179, chrome: {chromedriverVersion: 148.0.7778.178 (d096af1c9e9..., userDataDir: C:\Users\MYPC~1\AppData\Loc...}, fedcm:accounts: true, goog:chromeOptions: {debuggerAddress: localhost:53349}, goog:processID: 11740, networkConnectionEnabled: false, pageLoadStrategy: normal, platformName: windows, proxy: Proxy(), se:cdp: ws://localhost:53349/devtoo..., se:cdpVersion: 148.0.7778.179, setWindowRect: true, strictFileInteractability: false, timeouts: {implicit: 0, pageLoad: 300000, script: 30000}, unhandledPromptBehavior: dismiss and notify, webauthn:extension:credBlob: true, webauthn:extension:largeBlob: true, webauthn:extension:minPinLength: true, webauthn:extension:prf: true, webauthn:virtualAuthenticators: true}
Element: [[ChromeDriver: chrome on windows (023f87b8bc44ff06467d23084a2be81a)] -&gt; xpath: //h6[text()=&#039;Personal Details&#039;]/following::button[@type=&#039;submit&#039;][1]]
Session ID: 023f87b8bc44ff06467d23084a2be81a" type="org.openqa.selenium.ElementClickInterceptedException">
      <![CDATA[org.openqa.selenium.ElementClickInterceptedException: element click intercepted: Element <button data-v-10d463b7="" data-v-6653c066="" type="submit" class="oxd-button oxd-button--medium oxd-button--secondary orangehrm-left-space">...</button> is not clickable at point (1402, 662). Other element would receive the click: <form data-v-d5bfe35b="" data-v-6653c066="" class="oxd-form" novalidate="">...</form>
  (Session info: chrome=148.0.7778.179)
Build info: version: '4.44.0', revision: 'da2039b'
System info: os.name: 'Windows 11', os.arch: 'amd64', os.version: '10.0', java.version: '21.0.11'
Driver info: org.openqa.selenium.chrome.ChromeDriver
Command: [023f87b8bc44ff06467d23084a2be81a, clickElement {id=f.7FEDB6CC704C80562D7250A359C5F506.d.2AD296E2D00BAEC50DCA7AD3AC95F93C.e.81}]
Capabilities {acceptInsecureCerts: false, browserName: chrome, browserVersion: 148.0.7778.179, chrome: {chromedriverVersion: 148.0.7778.178 (d096af1c9e9..., userDataDir: C:\Users\MYPC~1\AppData\Loc...}, fedcm:accounts: true, goog:chromeOptions: {debuggerAddress: localhost:53349}, goog:processID: 11740, networkConnectionEnabled: false, pageLoadStrategy: normal, platformName: windows, proxy: Proxy(), se:cdp: ws://localhost:53349/devtoo..., se:cdpVersion: 148.0.7778.179, setWindowRect: true, strictFileInteractability: false, timeouts: {implicit: 0, pageLoad: 300000, script: 30000}, unhandledPromptBehavior: dismiss and notify, webauthn:extension:credBlob: true, webauthn:extension:largeBlob: true, webauthn:extension:minPinLength: true, webauthn:extension:prf: true, webauthn:virtualAuthenticators: true}
Element: [[ChromeDriver: chrome on windows (023f87b8bc44ff06467d23084a2be81a)] -> xpath: //h6[text()='Personal Details']/following::button[@type='submit'][1]]
Session ID: 023f87b8bc44ff06467d23084a2be81a
at org.openqa.selenium.remote.ErrorCodec.decode(ErrorCodec.java:169)
at org.openqa.selenium.remote.codec.w3c.W3CHttpResponseCodec.decode(W3CHttpResponseCodec.java:143)
at org.openqa.selenium.remote.codec.w3c.W3CHttpResponseCodec.decode(W3CHttpResponseCodec.java:50)
at org.openqa.selenium.remote.HttpCommandExecutor.execute(HttpCommandExecutor.java:224)
at org.openqa.selenium.remote.service.DriverCommandExecutor.invokeExecute(DriverCommandExecutor.java:217)
at org.openqa.selenium.remote.service.DriverCommandExecutor.execute(DriverCommandExecutor.java:175)
at org.openqa.selenium.remote.RemoteWebDriver.execute(RemoteWebDriver.java:600)
at org.openqa.selenium.remote.RemoteWebElement.execute(RemoteWebElement.java:225)
at org.openqa.selenium.remote.RemoteWebElement.click(RemoteWebElement.java:79)
at pages.MyInfoPage.clickSave(MyInfoPage.java:71)
at stepDefinitions.MyInfoStep.user_saves_updated_information(MyInfoStep.java:164)
at ✽.User saves updated information(file:///D:/java21/OrangaeHRMAutomationCapstoneProject/src/test/resources/feature/MyInfo.feature:23)
]]>
    </error>
  </testcase> <!-- runScenario -->
  <testcase classname="runners.Runner" name="runScenario" time="19.552"/>
  <testcase classname="runners.Runner" name="runScenario" time="9.292"/>
  <testcase classname="runners.Runner" name="runScenario" time="8.909"/>
  <testcase classname="runners.Runner" name="runScenario" time="9.339"/>
  <testcase classname="runners.Runner" name="runScenario" time="9.285"/>
  <testcase classname="runners.Runner" name="runScenario" time="5.756"/>
  <testcase classname="runners.Runner" name="runScenario" time="6.114"/>
  <testcase classname="runners.Runner" name="runScenario" time="4.636"/>
  <testcase classname="runners.Runner" name="runScenario" time="3.976"/>
  <testcase classname="runners.Runner" name="runScenario" time="9.415"/>
</testsuite> <!-- runners.Runner -->
